<?xml version="1.0" encoding="UTF-8"?>
<!-- Generated by org.testng.reporters.JUnitReportReporter -->
<testsuite hostname="cpt-00824" name="com.dos.test_assess.tests.CollectAndDisplayData" tests="2" failures="0" timestamp="11 Apr 2017 21:04:07 GMT" time="42.912" errors="0">
  <testcase name="sportsBetway" time="26.830" classname="com.dos.test_assess.tests.CollectAndDisplayData"/>
  <testcase name="googleNews" time="16.082" classname="com.dos.test_assess.tests.CollectAndDisplayData"/>
</testsuite> <!-- com.dos.test_assess.tests.CollectAndDisplayData -->
